 
 2022-01-24 14:24:19,692 -  Invalid value entered at  Email -ID  = vishwa@gmail
 
 2022-01-24 14:43:14,997 - editor error
Traceback (most recent call last):
  File "D:\bridgelabz\python\address_book\services\contact_operations.py", line 82, in editor
    AddressBooks.system_registry.pop(contact_object)
KeyError: <registry.address_book.AddressBooks object at 0x000002B1ACF87B50>
 
 2022-01-24 17:15:36,506 -  Invalid value entered at  Last Name  = itis
 
 2022-01-24 17:16:06,331 -  Invalid value entered at  Email -ID  = Vishw@gmai
 
 2022-01-24 18:15:48,611 -  Invalid value entered at  Zip code  = 58001
 
 2022-01-24 18:16:55,483 -  Invalid value entered at  First Name  = 
 
 2022-01-24 19:37:19,785 -  Invalid value entered at  Last Name  = Iti
 
 2022-01-24 19:37:50,665 - Error at menu operations, choice is 5
Traceback (most recent call last):
  File "D:\bridgelabz\python\address_book\services\operations.py", line 88, in menu
    Operations().search_dict(choice)
  File "D:\bridgelabz\python\address_book\services\operations.py", line 193, in search_dict
    self.search_function(searcher.get(choice).index(0), searcher.get(choice).index(1))
ValueError: tuple.index(x): x not in tuple
 
 2022-01-24 20:02:36,475 - error
Traceback (most recent call last):
  File "D:\bridgelabz\python\address_book\services\operations.py", line 38, in get_user_choice
    option = int(input("Press \n 1) Add new Address Book \n 2) Edit Existing book "
ValueError: invalid literal for int() with base 10: 'Vishwanath'
 
 2022-02-03 21:54:13,421 -  Invalid value entered at  First Name  = vishwa
 
 2022-02-04 20:18:52,136 -  Invalid value entered at  Phone Number  = 91
 
 2022-02-04 20:18:54,751 -  Invalid value entered at  Phone Number  = 91
 
 2022-02-04 20:21:47,739 -  Invalid value entered at  City  = DHarwaqd
 
 2022-02-04 20:32:26,798 -  Invalid value entered at  City  = DHarwad
 
 2022-02-04 21:25:05,960 -  Invalid value entered at  Country  = USA
 
 2022-02-04 21:26:32,497 - Error at menu operations, choice is 3
Traceback (most recent call last):
  File "D:\bridgelabz\python\designs\address_book\services\operations.py", line 78, in menu
    contact_object = USAContactObject(new_object)
  File "D:\bridgelabz\python\designs\address_book\registry\usa_contact_object.py", line 12, in __init__
    super().__init__(contact_object)
  File "D:\bridgelabz\python\designs\address_book\registry\contact_object_creator.py", line 11, in __init__
    self.first_name = contact_object["first_name"]
TypeError: list indices must be integers or slices, not str
 
 2022-02-04 21:27:51,365 - Error at menu operations, choice is 3
Traceback (most recent call last):
  File "D:\bridgelabz\python\designs\address_book\services\operations.py", line 78, in menu
    contact_object = USAContactObject(new_object)
  File "D:\bridgelabz\python\designs\address_book\registry\usa_contact_object.py", line 12, in __init__
    super().__init__(contact_object)
  File "D:\bridgelabz\python\designs\address_book\registry\contact_object_creator.py", line 11, in __init__
    self.first_name = contact_object["first_name"]
TypeError: list indices must be integers or slices, not str
 
 2022-02-05 10:58:22,249 -  Invalid value entered at  First Name  = Akshay\
 
 2022-02-05 11:13:45,911 - Error at menu operations, choice is 5
Traceback (most recent call last):
  File "D:\bridgelabz\python\designs\address_book\services\operations.py", line 89, in menu
    self.search_menu()
  File "D:\bridgelabz\python\designs\address_book\services\operations.py", line 150, in search_menu
    for contact in contact_list:
TypeError: 'USAContactObject' object is not iterable
 
 2022-02-05 11:45:09,919 -  Invalid value entered at  Email -ID  = akshay@gmail,com
 
 2022-02-05 11:45:27,256 - Error at menu operations, choice is 5
Traceback (most recent call last):
  File "D:\bridgelabz\python\designs\address_book\services\operations.py", line 89, in menu
    self.search_menu()
  File "D:\bridgelabz\python\designs\address_book\services\operations.py", line 150, in search_menu
    for contact in contact_list:
TypeError: 'USAContactObject' object is not iterable
 
 2022-02-05 11:46:21,948 - Error at menu operations, choice is 5
Traceback (most recent call last):
  File "D:\bridgelabz\python\designs\address_book\services\operations.py", line 89, in menu
    self.search_menu()
  File "D:\bridgelabz\python\designs\address_book\services\operations.py", line 150, in search_menu
    for contact in contact_list:
TypeError: 'USAContactObject' object is not iterable
 
 2022-02-05 11:48:46,402 - Error at menu operations, choice is 5
Traceback (most recent call last):
  File "D:\bridgelabz\python\designs\address_book\services\operations.py", line 89, in menu
    self.search_menu()
  File "D:\bridgelabz\python\designs\address_book\services\operations.py", line 150, in search_menu
    for contact in contact_list:
TypeError: 'USAContactObject' object is not iterable
 
 2022-02-05 11:51:18,885 - Error at menu operations, choice is 5
Traceback (most recent call last):
  File "D:\bridgelabz\python\designs\address_book\services\operations.py", line 89, in menu
    self.search_menu()
  File "D:\bridgelabz\python\designs\address_book\services\operations.py", line 150, in search_menu
    for contact in contact_list:
TypeError: 'USAContactObject' object is not iterable
 
 2022-02-05 13:44:26,125 - Error at search menu
 
 2022-02-05 13:44:26,141 - Error at search menu
 
 2022-02-05 13:44:26,156 - Error at search menu
 
 2022-02-05 13:44:26,156 - Error at search menu
 
 2022-02-05 13:44:26,156 - Error at search menu
 
 2022-02-05 13:44:26,156 - Error at search menu
 
 2022-02-05 13:44:26,156 - Error at search menu
 
 2022-02-05 13:44:26,156 - Error at search menu
 
 2022-02-05 13:44:26,156 - Error at search menu
 
 2022-02-05 13:44:26,156 - Error at search menu
 
 2022-02-05 13:44:26,156 - Error at search menu
 
 2022-02-05 13:44:26,156 - Error at search menu
 
 2022-02-05 13:44:26,156 - Error at search menu
 
 2022-02-05 13:44:26,156 - Error at search menu
 
 2022-02-05 13:44:26,156 - Error at search menu
 
 2022-02-05 13:44:26,156 - Error at search menu
 
 2022-02-05 13:44:26,156 - Error at search menu
 
 2022-02-05 13:44:26,156 - Error at search menu
 
 2022-02-05 13:44:26,156 - Error at search menu
 
 2022-02-05 13:44:26,156 - Error at search menu
 
 2022-02-05 13:44:26,156 - Error at search menu
 
 2022-02-05 13:44:26,156 - Error at search menu
 
 2022-02-05 13:44:26,156 - Error at search menu
 
 2022-02-05 13:44:26,156 - Error at search menu
 
 2022-02-05 13:44:26,156 - Error at search menu
 
 2022-02-05 13:44:26,156 - Error at search menu
 
 2022-02-05 13:44:26,156 - Error at search menu
 
 2022-02-05 13:44:26,156 - Error at search menu
 
 2022-02-05 13:44:26,156 - Error at search menu
 
 2022-02-05 13:44:26,156 - Error at search menu
 
 2022-02-05 13:44:26,156 - Error at search menu
 
 2022-02-05 13:44:26,156 - Error at search menu
 
 2022-02-05 13:44:26,156 - Error at search menu
 
 2022-02-05 13:44:26,156 - Error at search menu
 
 2022-02-05 13:44:26,156 - Error at search menu
 
 2022-02-05 13:44:26,156 - Error at search menu
 
 2022-02-05 13:44:26,156 - Error at search menu
 
 2022-02-05 13:44:26,156 - Error at search menu
 
 2022-02-05 13:44:26,156 - Error at search menu
 
 2022-02-05 13:44:26,156 - Error at search menu
 
 2022-02-05 13:44:26,156 - Error at search menu
 
 2022-02-05 13:44:26,156 - Error at search menu
 
 2022-02-05 13:44:26,156 - Error at search menu
 
 2022-02-05 13:44:26,156 - Error at search menu
 
 2022-02-05 13:44:26,156 - Error at search menu
 
 2022-02-05 13:44:26,156 - Error at search menu
 
 2022-02-05 13:44:26,156 - Error at search menu
 
 2022-02-05 13:44:26,156 - Error at search menu
 
 2022-02-05 13:44:26,156 - Error at search menu
 
 2022-02-05 13:44:26,156 - Error at search menu
 
 2022-02-05 13:44:26,156 - Error at search menu
 
 2022-02-05 13:44:26,156 - Error at search menu
 
 2022-02-05 13:44:26,156 - Error at search menu
 
 2022-02-05 13:44:26,156 - Error at search menu
 
 2022-02-05 13:44:26,156 - Error at search menu
 
 2022-02-05 13:44:26,156 - Error at search menu
 
 2022-02-05 13:44:26,156 - Error at search menu
 
 2022-02-05 13:44:26,156 - Error at search menu
 
 2022-02-05 13:44:26,156 - Error at search menu
 
 2022-02-05 13:44:26,156 - Error at search menu
 
 2022-02-05 13:44:26,156 - Error at search menu
 
 2022-02-05 13:44:26,156 - Error at search menu
 
 2022-02-05 13:44:26,156 - Error at search menu
 
 2022-02-05 13:44:26,156 - Error at search menu
 
 2022-02-05 13:44:26,156 - Error at search menu
 
 2022-02-05 13:44:26,156 - Error at search menu
 
 2022-02-05 13:44:26,156 - Error at search menu
 
 2022-02-05 13:44:26,156 - Error at search menu
 
 2022-02-05 13:44:26,156 - Error at search menu
 
 2022-02-05 13:44:26,156 - Error at search menu
 
 2022-02-05 13:44:26,156 - Error at search menu
 
 2022-02-05 13:44:26,156 - Error at search menu
 
 2022-02-05 13:44:26,156 - Error at search menu
 
 2022-02-05 13:44:26,156 - Error at search menu
 
 2022-02-05 13:44:26,156 - Error at search menu
 
 2022-02-05 13:44:26,156 - Error at search menu
 
 2022-02-05 13:44:26,156 - Error at search menu
 
 2022-02-05 13:44:26,156 - Error at search menu
 
 2022-02-05 13:44:26,156 - Error at search menu
 
 2022-02-05 13:44:26,156 - Error at search menu
 
 2022-02-05 13:44:26,156 - Error at search menu
 
 2022-02-05 13:44:26,156 - Error at search menu
 
 2022-02-05 13:44:26,156 - Error at search menu
 
 2022-02-05 13:44:26,156 - Error at search menu
 
 2022-02-05 13:44:26,156 - Error at search menu
 
 2022-02-05 13:44:26,156 - Error at search menu
 
 2022-02-05 13:44:26,156 - Error at search menu
 
 2022-02-05 13:44:26,156 - Error at search menu
 
 2022-02-05 13:44:26,156 - Error at search menu
 
 2022-02-05 13:44:26,156 - Error at search menu
 
 2022-02-05 13:44:26,156 - Error at search menu
 
 2022-02-05 13:44:26,156 - Error at search menu
 
 2022-02-05 13:44:26,156 - Error at search menu
 
 2022-02-05 13:44:26,156 - Error at search menu
 
 2022-02-05 13:44:26,156 - Error at search menu
 
 2022-02-05 13:44:26,156 - Error at search menu
 
 2022-02-05 13:44:26,156 - Error at search menu
 
 2022-02-05 13:44:26,156 - Error at search menu
 
 2022-02-05 13:44:26,156 - Error at search menu
 
 2022-02-05 13:44:26,156 - Error at search menu
 
 2022-02-05 13:44:26,156 - Error at search menu
 
 2022-02-05 13:44:26,156 - Error at search menu
 
 2022-02-05 13:44:26,156 - Error at search menu
 
 2022-02-05 13:44:26,156 - Error at search menu
 
 2022-02-05 13:44:26,156 - Error at search menu
 
 2022-02-05 13:44:26,156 - Error at search menu
 
 2022-02-05 13:44:26,156 - Error at search menu
 
 2022-02-05 13:44:26,156 - Error at search menu
 
 2022-02-05 13:44:26,156 - Error at search menu
 
 2022-02-05 13:44:26,156 - Error at search menu
 
 2022-02-05 13:44:26,156 - Error at search menu
 
 2022-02-05 13:44:26,156 - Error at search menu
 
 2022-02-05 13:44:26,156 - Error at search menu
 
 2022-02-05 13:44:26,156 - Error at search menu
 
 2022-02-05 13:44:26,172 - Error at search menu
 
 2022-02-05 13:44:26,172 - Error at search menu
 
 2022-02-05 13:44:26,172 - Error at search menu
 
 2022-02-05 13:44:26,172 - Error at search menu
 
 2022-02-05 13:44:26,172 - Error at search menu
 
 2022-02-05 13:44:26,172 - Error at search menu
 
 2022-02-05 13:44:26,172 - Error at search menu
 
 2022-02-05 13:44:26,172 - Error at search menu
 
 2022-02-05 13:44:26,172 - Error at search menu
 
 2022-02-05 13:44:26,172 - Error at search menu
 
 2022-02-05 13:44:26,172 - Error at search menu
 
 2022-02-05 13:44:26,172 - Error at search menu
 
 2022-02-05 13:44:26,172 - Error at search menu
 
 2022-02-05 13:44:26,172 - Error at search menu
 
 2022-02-05 13:44:26,172 - Error at search menu
 
 2022-02-05 13:44:26,172 - Error at search menu
 
 2022-02-05 13:44:26,172 - Error at search menu
 
 2022-02-05 13:44:26,172 - Error at search menu
 
 2022-02-05 13:44:26,172 - Error at search menu
 
 2022-02-05 13:44:26,172 - Error at search menu
 
 2022-02-05 13:44:26,172 - Error at search menu
 
 2022-02-05 13:44:26,172 - Error at search menu
 
 2022-02-05 13:44:26,172 - Error at search menu
 
 2022-02-05 13:44:26,172 - Error at search menu
 
 2022-02-05 13:44:26,172 - Error at search menu
 
 2022-02-05 13:44:26,172 - Error at search menu
 
 2022-02-05 13:44:26,172 - Error at search menu
 
 2022-02-05 13:44:26,172 - Error at search menu
 
 2022-02-05 13:44:26,172 - Error at search menu
 
 2022-02-05 13:44:26,172 - Error at search menu
 
 2022-02-05 13:44:26,172 - Error at search menu
 
 2022-02-05 13:44:26,172 - Error at search menu
 
 2022-02-05 13:44:26,172 - Error at search menu
 
 2022-02-05 13:44:26,172 - Error at search menu
 
 2022-02-05 13:44:26,172 - Error at search menu
 
 2022-02-05 13:44:26,172 - Error at search menu
 
 2022-02-05 13:44:26,172 - Error at search menu
 
 2022-02-05 13:44:26,172 - Error at search menu
 
 2022-02-05 13:44:26,172 - Error at search menu
 
 2022-02-05 13:44:26,172 - Error at search menu
 
 2022-02-05 13:44:26,172 - Error at search menu
 
 2022-02-05 13:44:26,172 - Error at search menu
 
 2022-02-05 13:44:26,172 - Error at search menu
 
 2022-02-05 13:44:26,172 - Error at search menu
 
 2022-02-05 13:44:26,172 - Error at search menu
 
 2022-02-05 13:44:26,172 - Error at search menu
 
 2022-02-05 13:44:26,172 - Error at search menu
 
 2022-02-05 13:44:26,172 - Error at search menu
 
 2022-02-05 13:44:26,172 - Error at search menu
 
 2022-02-05 13:44:26,172 - Error at search menu
 
 2022-02-05 13:44:26,172 - Error at search menu
 
 2022-02-05 13:44:26,172 - Error at search menu
 
 2022-02-05 13:44:26,172 - Error at search menu
 
 2022-02-05 13:44:26,172 - Error at search menu
 
 2022-02-05 13:44:26,172 - Error at search menu
 
 2022-02-05 13:44:26,172 - Error at search menu
 
 2022-02-05 13:44:26,172 - Error at search menu
 
 2022-02-05 13:44:26,172 - Error at search menu
 
 2022-02-05 13:44:26,172 - Error at search menu
 
 2022-02-05 13:44:26,172 - Error at search menu
 
 2022-02-05 13:44:26,172 - Error at search menu
 
 2022-02-05 13:44:26,172 - Error at search menu
 
 2022-02-05 13:44:26,172 - Error at search menu
 
 2022-02-05 13:44:26,172 - Error at search menu
 
 2022-02-05 13:44:26,172 - Error at search menu
 
 2022-02-05 13:44:26,172 - Error at search menu
 
 2022-02-05 13:44:26,172 - Error at search menu
 
 2022-02-05 13:44:26,172 - Error at search menu
 
 2022-02-05 13:44:26,172 - Error at search menu
 
 2022-02-05 13:44:26,172 - Error at search menu
 
 2022-02-05 13:44:26,172 - Error at search menu
 
 2022-02-05 13:44:26,172 - Error at search menu
 
 2022-02-05 13:44:26,172 - Error at search menu
 
 2022-02-05 13:44:26,172 - Error at search menu
 
 2022-02-05 13:44:26,172 - Error at search menu
 
 2022-02-05 13:44:26,172 - Error at search menu
 
 2022-02-05 13:44:26,172 - Error at search menu
 
 2022-02-05 13:44:26,172 - Error at search menu
 
 2022-02-05 13:44:26,172 - Error at search menu
 
 2022-02-05 13:44:26,172 - Error at search menu
 
 2022-02-05 13:44:26,172 - Error at search menu
 
 2022-02-05 13:44:26,172 - Error at search menu
 
 2022-02-05 13:44:26,172 - Error at search menu
 
 2022-02-05 13:44:26,172 - Error at search menu
 
 2022-02-05 13:44:26,172 - Error at search menu
 
 2022-02-05 13:44:26,172 - Error at search menu
 
 2022-02-05 13:44:26,172 - Error at search menu
 
 2022-02-05 13:44:26,172 - Error at search menu
 
 2022-02-05 13:44:26,172 - Error at search menu
 
 2022-02-05 13:44:26,172 - Error at search menu
 
 2022-02-05 13:44:26,172 - Error at search menu
 
 2022-02-05 13:44:26,172 - Error at search menu
 
 2022-02-05 13:44:26,172 - Error at search menu
 
 2022-02-05 13:44:26,172 - Error at search menu
 
 2022-02-05 13:44:26,172 - Error at search menu
 
 2022-02-05 13:44:26,172 - Error at search menu
 
 2022-02-05 13:44:26,172 - Error at search menu
 
 2022-02-05 13:44:26,172 - Error at search menu
 
 2022-02-05 13:44:26,172 - Error at search menu
 
 2022-02-05 13:44:26,172 - Error at search menu
 
 2022-02-05 13:44:26,172 - Error at search menu
 
 2022-02-05 13:44:26,172 - Error at search menu
 
 2022-02-05 13:44:26,172 - Error at search menu
 
 2022-02-05 13:44:26,172 - Error at search menu
 
 2022-02-05 13:44:26,172 - Error at search menu
 
 2022-02-05 13:44:26,172 - Error at search menu
 
 2022-02-05 13:44:26,172 - Error at search menu
 
 2022-02-05 13:44:26,172 - Error at search menu
 
 2022-02-05 13:44:26,172 - Error at search menu
 
 2022-02-05 13:44:26,172 - Error at search menu
 
 2022-02-05 13:44:26,172 - Error at search menu
 
 2022-02-05 13:44:26,172 - Error at search menu
 
 2022-02-05 13:44:26,187 - Error at search menu
 
 2022-02-05 13:44:26,187 - Error at search menu
 
 2022-02-05 13:44:26,187 - Error at search menu
 
 2022-02-05 13:44:26,187 - Error at search menu
 
 2022-02-05 13:44:26,187 - Error at search menu
 
 2022-02-05 13:44:26,187 - Error at search menu
 
 2022-02-05 13:44:26,187 - Error at search menu
 
 2022-02-05 13:44:26,187 - Error at search menu
 
 2022-02-05 13:44:26,187 - Error at search menu
 
 2022-02-05 13:44:26,187 - Error at search menu
 
 2022-02-05 13:44:26,187 - Error at search menu
 
 2022-02-05 13:44:26,187 - Error at search menu
 
 2022-02-05 13:44:26,187 - Error at search menu
 
 2022-02-05 13:44:26,187 - Error at search menu
 
 2022-02-05 13:44:26,187 - Error at search menu
 
 2022-02-05 13:44:26,187 - Error at search menu
 
 2022-02-05 13:44:26,187 - Error at search menu
 
 2022-02-05 13:44:26,187 - Error at search menu
 
 2022-02-05 13:44:26,187 - Error at search menu
 
 2022-02-05 13:44:26,187 - Error at search menu
 
 2022-02-05 13:44:26,187 - Error at search menu
 
 2022-02-05 13:44:26,187 - Error at search menu
 
 2022-02-05 13:44:26,187 - Error at search menu
 
 2022-02-05 13:44:26,187 - Error at search menu
 
 2022-02-05 13:44:26,187 - Error at search menu
 
 2022-02-05 13:44:26,187 - Error at search menu
 
 2022-02-05 13:44:26,187 - Error at search menu
 
 2022-02-05 13:44:26,187 - Error at search menu
 
 2022-02-05 13:44:26,187 - Error at search menu
 
 2022-02-05 13:44:26,187 - Error at search menu
 
 2022-02-05 13:44:26,187 - Error at search menu
 
 2022-02-05 13:44:26,187 - Error at search menu
 
 2022-02-05 13:44:26,187 - Error at search menu
 
 2022-02-05 13:44:26,187 - Error at search menu
 
 2022-02-05 13:44:26,187 - Error at search menu
 
 2022-02-05 13:44:26,187 - Error at search menu
 
 2022-02-05 13:44:26,187 - Error at search menu
 
 2022-02-05 13:44:26,187 - Error at search menu
 
 2022-02-05 13:44:26,187 - Error at search menu
 
 2022-02-05 13:44:26,187 - Error at search menu
 
 2022-02-05 13:44:26,187 - Error at search menu
 
 2022-02-05 13:44:26,187 - Error at search menu
 
 2022-02-05 13:44:26,187 - Error at search menu
 
 2022-02-05 13:44:26,187 - Error at search menu
 
 2022-02-05 13:44:26,187 - Error at search menu
 
 2022-02-05 13:44:26,187 - Error at search menu
 
 2022-02-05 13:44:26,187 - Error at search menu
 
 2022-02-05 13:44:26,187 - Error at search menu
 
 2022-02-05 13:44:26,187 - Error at search menu
 
 2022-02-05 13:44:26,187 - Error at search menu
 
 2022-02-05 13:44:26,187 - Error at search menu
 
 2022-02-05 13:44:26,187 - Error at search menu
 
 2022-02-05 13:44:26,187 - Error at search menu
 
 2022-02-05 13:44:26,187 - Error at search menu
 
 2022-02-05 13:44:26,187 - Error at search menu
 
 2022-02-05 13:44:26,187 - Error at search menu
 
 2022-02-05 13:44:26,187 - Error at search menu
 
 2022-02-05 13:44:26,187 - Error at search menu
 
 2022-02-05 13:44:26,187 - Error at search menu
 
 2022-02-05 13:44:26,187 - Error at search menu
 
 2022-02-05 13:44:26,187 - Error at search menu
 
 2022-02-05 13:44:26,187 - Error at search menu
 
 2022-02-05 13:44:26,187 - Error at search menu
 
 2022-02-05 13:44:26,187 - Error at search menu
 
 2022-02-05 13:44:26,187 - Error at search menu
 
 2022-02-05 13:44:26,187 - Error at search menu
 
 2022-02-05 13:44:26,187 - Error at search menu
 
 2022-02-05 13:44:26,187 - Error at search menu
 
 2022-02-05 13:44:26,187 - Error at search menu
 
 2022-02-05 13:44:26,187 - Error at search menu
 
 2022-02-05 13:44:26,187 - Error at search menu
 
 2022-02-05 13:44:26,187 - Error at search menu
 
 2022-02-05 13:44:26,187 - Error at search menu
 
 2022-02-05 13:44:26,187 - Error at search menu
 
 2022-02-05 13:44:26,187 - Error at search menu
 
 2022-02-05 13:44:26,187 - Error at search menu
 
 2022-02-05 13:44:26,187 - Error at search menu
 
 2022-02-05 13:44:26,187 - Error at search menu
 
 2022-02-05 13:44:26,187 - Error at search menu
 
 2022-02-05 13:44:26,187 - Error at search menu
 
 2022-02-05 13:44:26,187 - Error at search menu
 
 2022-02-05 13:44:26,187 - Error at search menu
 
 2022-02-05 13:44:26,187 - Error at search menu
 
 2022-02-05 13:44:26,187 - Error at search menu
 
 2022-02-05 13:44:26,187 - Error at search menu
 
 2022-02-05 13:44:26,187 - Error at search menu
 
 2022-02-05 13:44:26,187 - Error at search menu
 
 2022-02-05 13:44:26,187 - Error at search menu
 
 2022-02-05 13:44:26,187 - Error at search menu
 
 2022-02-05 13:44:26,187 - Error at search menu
 
 2022-02-05 13:44:26,187 - Error at search menu
 
 2022-02-05 13:44:26,187 - Error at search menu
 
 2022-02-05 13:44:26,187 - Error at search menu
 
 2022-02-05 13:44:26,187 - Error at search menu
 
 2022-02-05 13:44:26,187 - Error at search menu
 
 2022-02-05 13:44:26,187 - Error at search menu
 
 2022-02-05 13:44:26,187 - Error at search menu
 
 2022-02-05 13:44:26,187 - Error at search menu
 
 2022-02-05 13:44:26,187 - Error at search menu
 
 2022-02-05 13:44:26,187 - Error at search menu
 
 2022-02-05 13:44:26,187 - Error at search menu
 
 2022-02-05 13:44:26,187 - Error at search menu
 
 2022-02-05 13:44:26,203 - Error at search menu
 
 2022-02-05 13:44:26,203 - Error at search menu
 
 2022-02-05 13:44:26,203 - Error at search menu
 
 2022-02-05 13:44:26,203 - Error at search menu
 
 2022-02-05 13:44:26,203 - Error at search menu
 
 2022-02-05 13:44:26,203 - Error at search menu
 
 2022-02-05 13:44:26,203 - Error at search menu
 
 2022-02-05 13:44:26,203 - Error at search menu
 
 2022-02-05 13:44:26,203 - Error at search menu
 
 2022-02-05 13:44:26,203 - Error at search menu
 
 2022-02-05 13:44:26,203 - Error at search menu
 
 2022-02-05 13:44:26,203 - Error at search menu
 
 2022-02-05 13:44:26,203 - Error at search menu
 
 2022-02-05 13:44:26,203 - Error at search menu
 
 2022-02-05 13:44:26,203 - Error at search menu
 
 2022-02-05 13:44:26,203 - Error at search menu
 
 2022-02-05 13:44:26,203 - Error at search menu
 
 2022-02-05 13:44:26,203 - Error at search menu
 
 2022-02-05 13:44:26,203 - Error at search menu
 
 2022-02-05 13:44:26,203 - Error at search menu
 
 2022-02-05 13:44:26,203 - Error at search menu
 
 2022-02-05 13:44:26,203 - Error at search menu
 
 2022-02-05 13:44:26,203 - Error at search menu
 
 2022-02-05 13:44:26,203 - Error at search menu
 
 2022-02-05 13:44:26,203 - Error at search menu
 
 2022-02-05 13:44:26,203 - Error at search menu
 
 2022-02-05 13:44:26,203 - Error at search menu
 
 2022-02-05 13:44:26,203 - Error at search menu
 
 2022-02-05 13:44:26,203 - Error at search menu
 
 2022-02-05 13:44:26,203 - Error at search menu
 
 2022-02-05 13:44:26,203 - Error at search menu
 
 2022-02-05 13:44:26,203 - Error at search menu
 
 2022-02-05 13:44:26,203 - Error at search menu
 
 2022-02-05 13:44:26,203 - Error at search menu
 
 2022-02-05 13:44:26,203 - Error at search menu
 
 2022-02-05 13:44:26,203 - Error at search menu
 
 2022-02-05 13:44:26,203 - Error at search menu
 
 2022-02-05 13:44:26,203 - Error at search menu
 
 2022-02-05 13:44:26,203 - Error at search menu
 
 2022-02-05 13:44:26,203 - Error at search menu
 
 2022-02-05 13:44:26,203 - Error at search menu
 
 2022-02-05 13:44:26,203 - Error at search menu
 
 2022-02-05 13:44:26,203 - Error at search menu
 
 2022-02-05 13:44:26,203 - Error at search menu
 
 2022-02-05 13:44:26,203 - Error at search menu
 
 2022-02-05 13:44:26,203 - Error at search menu
 
 2022-02-05 13:44:26,203 - Error at search menu
 
 2022-02-05 13:44:26,203 - Error at search menu
 
 2022-02-05 13:44:26,203 - Error at search menu
 
 2022-02-05 13:44:26,203 - Error at search menu
 
 2022-02-05 13:44:26,203 - Error at search menu
 
 2022-02-05 13:44:26,203 - Error at search menu
 
 2022-02-05 13:44:26,203 - Error at search menu
 
 2022-02-05 13:44:26,203 - Error at search menu
 
 2022-02-05 13:44:26,203 - Error at search menu
 
 2022-02-05 13:44:26,203 - Error at search menu
 
 2022-02-05 13:44:26,203 - Error at search menu
 
 2022-02-05 13:44:26,203 - Error at search menu
 
 2022-02-05 13:44:26,203 - Error at search menu
 
 2022-02-05 13:44:26,203 - Error at search menu
 
 2022-02-05 13:44:26,203 - Error at search menu
 
 2022-02-05 13:44:26,203 - Error at search menu
 
 2022-02-05 13:44:26,203 - Error at search menu
 
 2022-02-05 13:44:26,203 - Error at search menu
 
 2022-02-05 13:44:26,203 - Error at search menu
 
 2022-02-05 13:44:26,203 - Error at search menu
 
 2022-02-05 13:44:26,203 - Error at search menu
 
 2022-02-05 13:44:26,203 - Error at search menu
 
 2022-02-05 13:44:26,203 - Error at search menu
 
 2022-02-05 13:44:26,203 - Error at search menu
 
 2022-02-05 13:44:26,203 - Error at search menu
 
 2022-02-05 13:44:26,203 - Error at search menu
 
 2022-02-05 13:44:26,203 - Error at search menu
 
 2022-02-05 13:44:26,203 - Error at search menu
 
 2022-02-05 13:44:26,203 - Error at search menu
 
 2022-02-05 13:44:26,203 - Error at search menu
 
 2022-02-05 13:44:26,203 - Error at search menu
 
 2022-02-05 13:44:26,203 - Error at search menu
 
 2022-02-05 13:44:26,203 - Error at search menu
 
 2022-02-05 13:44:26,203 - Error at search menu
 
 2022-02-05 13:44:26,203 - Error at search menu
 
 2022-02-05 13:44:26,203 - Error at search menu
 
 2022-02-05 13:44:26,203 - Error at search menu
 
 2022-02-05 13:44:26,203 - Error at search menu
 
 2022-02-05 13:44:26,203 - Error at search menu
 
 2022-02-05 13:44:26,203 - Error at search menu
 
 2022-02-05 13:44:26,203 - Error at search menu
 
 2022-02-05 13:44:26,203 - Error at search menu
 
 2022-02-05 13:44:26,203 - Error at search menu
 
 2022-02-05 13:44:26,203 - Error at search menu
 
 2022-02-05 13:44:26,203 - Error at search menu
 
 2022-02-05 13:44:26,203 - Error at search menu
 
 2022-02-05 13:44:26,203 - Error at search menu
 
 2022-02-05 13:44:26,203 - Error at search menu
 
 2022-02-05 13:44:26,203 - Error at search menu
 
 2022-02-05 13:44:26,203 - Error at search menu
 
 2022-02-05 13:44:26,203 - Error at search menu
 
 2022-02-05 13:44:26,203 - Error at search menu
 
 2022-02-05 13:44:26,203 - Error at search menu
 
 2022-02-05 13:44:26,203 - Error at search menu
 
 2022-02-05 13:44:26,203 - Error at search menu
 
 2022-02-05 13:44:26,203 - Error at search menu
 
 2022-02-05 13:44:26,203 - Error at search menu
 
 2022-02-05 13:44:26,203 - Error at search menu
 
 2022-02-05 13:44:26,203 - Error at search menu
 
 2022-02-05 13:44:26,203 - Error at search menu
 
 2022-02-05 13:44:26,203 - Error at search menu
 
 2022-02-05 13:44:26,203 - Error at search menu
 
 2022-02-05 13:44:26,203 - Error at search menu
 
 2022-02-05 13:44:26,203 - Error at search menu
 
 2022-02-05 13:44:26,203 - Error at search menu
 
 2022-02-05 13:44:26,203 - Error at search menu
 
 2022-02-05 13:44:26,203 - Error at search menu
 
 2022-02-05 13:44:26,203 - Error at search menu
 
 2022-02-05 13:44:26,203 - Error at search menu
 
 2022-02-05 13:44:26,203 - Error at search menu
 
 2022-02-05 13:44:26,203 - Error at search menu
 
 2022-02-05 13:44:26,203 - Error at search menu
 
 2022-02-05 13:44:26,203 - Error at search menu
 
 2022-02-05 13:44:26,203 - Error at search menu
 
 2022-02-05 13:44:26,203 - Error at search menu
 
 2022-02-05 13:44:26,203 - Error at search menu
 
 2022-02-05 13:44:26,203 - Error at search menu
 
 2022-02-05 13:44:26,203 - Error at search menu
 
 2022-02-05 13:44:26,203 - Error at search menu
 
 2022-02-05 13:44:26,203 - Error at search menu
 
 2022-02-05 13:44:26,203 - Error at search menu
 
 2022-02-05 13:44:26,203 - Error at search menu
 
 2022-02-05 13:44:26,203 - Error at search menu
 
 2022-02-05 13:44:26,203 - Error at search menu
 
 2022-02-05 13:44:26,203 - Error at search menu
 
 2022-02-05 13:44:26,203 - Error at search menu
 
 2022-02-05 13:44:26,203 - Error at search menu
 
 2022-02-05 13:44:26,203 - Error at search menu
 
 2022-02-05 13:44:26,203 - Error at search menu
 
 2022-02-05 13:44:26,203 - Error at search menu
 
 2022-02-05 13:44:26,203 - Error at search menu
 
 2022-02-05 13:44:26,203 - Error at search menu
 
 2022-02-05 13:44:26,203 - Error at search menu
 
 2022-02-05 13:44:26,219 - Error at search menu
 
 2022-02-05 13:44:26,219 - Error at search menu
 
 2022-02-05 13:44:26,219 - Error at search menu
 
 2022-02-05 13:44:26,219 - Error at search menu
 
 2022-02-05 13:44:26,219 - Error at search menu
 
 2022-02-05 13:44:26,219 - Error at search menu
 
 2022-02-05 13:44:26,219 - Error at search menu
 
 2022-02-05 13:44:26,219 - Error at search menu
 
 2022-02-05 13:44:26,219 - Error at search menu
 
 2022-02-05 13:44:26,219 - Error at search menu
 
 2022-02-05 13:44:26,219 - Error at search menu
 
 2022-02-05 13:44:26,219 - Error at search menu
 
 2022-02-05 13:44:26,219 - Error at search menu
 
 2022-02-05 13:44:26,219 - Error at search menu
 
 2022-02-05 13:44:26,219 - Error at search menu
 
 2022-02-05 13:44:26,219 - Error at search menu
 
 2022-02-05 13:44:26,219 - Error at search menu
 
 2022-02-05 13:44:26,219 - Error at search menu
 
 2022-02-05 13:44:26,219 - Error at search menu
 
 2022-02-05 13:44:26,219 - Error at search menu
 
 2022-02-05 13:44:26,219 - Error at search menu
 
 2022-02-05 13:44:26,219 - Error at search menu
 
 2022-02-05 13:44:26,219 - Error at search menu
 
 2022-02-05 13:44:26,219 - Error at search menu
 
 2022-02-05 13:44:26,219 - Error at search menu
 
 2022-02-05 13:44:26,219 - Error at search menu
 
 2022-02-05 13:44:26,219 - Error at search menu
 
 2022-02-05 13:44:26,219 - Error at search menu
 
 2022-02-05 13:44:26,219 - Error at search menu
 
 2022-02-05 13:44:26,219 - Error at search menu
 
 2022-02-05 13:44:26,219 - Error at search menu
 
 2022-02-05 13:44:26,219 - Error at search menu
 
 2022-02-05 13:44:26,219 - Error at search menu
 
 2022-02-05 13:44:26,219 - Error at search menu
 
 2022-02-05 13:44:26,219 - Error at search menu
 
 2022-02-05 13:44:26,219 - Error at search menu
 
 2022-02-05 13:44:26,219 - Error at search menu
 
 2022-02-05 13:44:26,219 - Error at search menu
 
 2022-02-05 13:44:26,219 - Error at search menu
 
 2022-02-05 13:44:26,219 - Error at search menu
 
 2022-02-05 13:44:26,219 - Error at search menu
 
 2022-02-05 13:44:26,219 - Error at search menu
 
 2022-02-05 13:44:26,219 - Error at search menu
 
 2022-02-05 13:44:26,219 - Error at search menu
 
 2022-02-05 13:44:26,219 - Error at search menu
 
 2022-02-05 13:44:26,219 - Error at search menu
 
 2022-02-05 13:44:26,219 - Error at search menu
 
 2022-02-05 13:44:26,219 - Error at search menu
 
 2022-02-05 13:44:26,219 - Error at search menu
 
 2022-02-05 13:44:26,219 - Error at search menu
 
 2022-02-05 13:44:26,219 - Error at search menu
 
 2022-02-05 13:44:26,219 - Error at search menu
 
 2022-02-05 13:44:26,219 - Error at search menu
 
 2022-02-05 13:44:26,219 - Error at search menu
 
 2022-02-05 13:44:26,219 - Error at search menu
 
 2022-02-05 13:44:26,219 - Error at search menu
 
 2022-02-05 13:44:26,219 - Error at search menu
 
 2022-02-05 13:44:26,219 - Error at search menu
 
 2022-02-05 13:44:26,219 - Error at search menu
 
 2022-02-05 13:44:26,219 - Error at search menu
 
 2022-02-05 13:44:26,219 - Error at search menu
 
 2022-02-05 13:44:26,219 - Error at search menu
 
 2022-02-05 13:44:26,219 - Error at search menu
 
 2022-02-05 13:44:26,219 - Error at search menu
 
 2022-02-05 13:44:26,219 - Error at search menu
 
 2022-02-05 13:44:26,219 - Error at search menu
 
 2022-02-05 13:44:26,219 - Error at search menu
 
 2022-02-05 13:44:26,219 - Error at search menu
 
 2022-02-05 13:44:26,219 - Error at search menu
 
 2022-02-05 13:44:26,219 - Error at search menu
 
 2022-02-05 13:44:26,219 - Error at search menu
 
 2022-02-05 13:44:26,219 - Error at search menu
 
 2022-02-05 13:44:26,219 - Error at search menu
 
 2022-02-05 13:44:26,219 - Error at search menu
 
 2022-02-05 13:44:26,219 - Error at search menu
 
 2022-02-05 13:44:26,219 - Error at search menu
 
 2022-02-05 13:44:26,219 - Error at search menu
 
 2022-02-05 13:44:26,219 - Error at search menu
 
 2022-02-05 13:44:26,219 - Error at search menu
 
 2022-02-05 13:44:26,219 - Error at search menu
 
 2022-02-05 13:44:26,219 - Error at search menu
 
 2022-02-05 13:44:26,219 - Error at search menu
 
 2022-02-05 13:44:26,219 - Error at search menu
 
 2022-02-05 13:44:26,219 - Error at search menu
 
 2022-02-05 13:44:26,219 - Error at search menu
 
 2022-02-05 13:44:26,219 - Error at search menu
 
 2022-02-05 13:44:26,219 - Error at search menu
 
 2022-02-05 13:44:26,219 - Error at search menu
 
 2022-02-05 13:44:26,219 - Error at search menu
 
 2022-02-05 13:44:26,219 - Error at search menu
 
 2022-02-05 13:44:26,219 - Error at search menu
 
 2022-02-05 13:44:26,219 - Error at search menu
 
 2022-02-05 13:44:26,219 - Error at search menu
 
 2022-02-05 13:44:26,219 - Error at search menu
 
 2022-02-05 13:44:26,219 - Error at search menu
 
 2022-02-05 13:44:26,219 - Error at search menu
 
 2022-02-05 13:44:26,219 - Error at search menu
 
 2022-02-05 13:44:26,219 - Error at search menu
 
 2022-02-05 13:44:26,219 - Error at search menu
 
 2022-02-05 13:44:26,219 - Error at search menu
 
 2022-02-05 13:44:26,219 - Error at search menu
 
 2022-02-05 13:44:26,219 - Error at search menu
 
 2022-02-05 13:44:26,219 - Error at search menu
 
 2022-02-05 13:44:26,219 - Error at search menu
 
 2022-02-05 13:44:26,219 - Error at search menu
 
 2022-02-05 13:44:26,219 - Error at search menu
 
 2022-02-05 13:44:26,219 - Error at search menu
 
 2022-02-05 13:44:26,219 - Error at search menu
 
 2022-02-05 13:44:26,219 - Error at search menu
 
 2022-02-05 13:44:26,219 - Error at search menu
 
 2022-02-05 13:44:26,219 - Error at search menu
 
 2022-02-05 13:44:26,219 - Error at search menu
 
 2022-02-05 13:44:26,219 - Error at search menu
 
 2022-02-05 13:44:26,219 - Error at search menu
 
 2022-02-05 13:44:26,219 - Error at search menu
 
 2022-02-05 13:44:26,219 - Error at search menu
 
 2022-02-05 13:44:26,219 - Error at search menu
 
 2022-02-05 13:44:26,219 - Error at search menu
 
 2022-02-05 13:44:26,219 - Error at search menu
 
 2022-02-05 13:44:26,219 - Error at search menu
 
 2022-02-05 13:44:26,219 - Error at search menu
 
 2022-02-05 13:44:26,219 - Error at search menu
 
 2022-02-05 13:44:26,219 - Error at search menu
 
 2022-02-05 13:44:26,234 - Error at search menu
 
 2022-02-05 13:44:26,234 - Error at search menu
 
 2022-02-05 13:44:26,234 - Error at search menu
 
 2022-02-05 13:44:26,234 - Error at search menu
 
 2022-02-05 13:44:26,234 - Error at search menu
 
 2022-02-05 13:44:26,234 - Error at search menu
 
 2022-02-05 13:44:26,234 - Error at search menu
 
 2022-02-05 13:44:26,234 - Error at search menu
 
 2022-02-05 13:44:26,234 - Error at search menu
 
 2022-02-05 13:44:26,234 - Error at search menu
 
 2022-02-05 13:44:26,234 - Error at search menu
 
 2022-02-05 13:44:26,234 - Error at search menu
 
 2022-02-05 13:44:26,234 - Error at search menu
 
 2022-02-05 13:44:26,234 - Error at search menu
 
 2022-02-05 13:44:26,234 - Error at search menu
 
 2022-02-05 13:44:26,234 - Error at search menu
 
 2022-02-05 13:44:26,234 - Error at search menu
 
 2022-02-05 13:44:26,234 - Error at search menu
 
 2022-02-05 13:44:26,234 - Error at search menu
 
 2022-02-05 13:44:26,234 - Error at search menu
 
 2022-02-05 13:44:26,234 - Error at search menu
 
 2022-02-05 13:44:26,234 - Error at search menu
 
 2022-02-05 13:44:26,234 - Error at search menu
 
 2022-02-05 13:44:26,234 - Error at search menu
 
 2022-02-05 13:44:26,234 - Error at search menu
 
 2022-02-05 13:44:26,234 - Error at search menu
 
 2022-02-05 13:44:26,234 - Error at search menu
 
 2022-02-05 13:44:26,234 - Error at search menu
 
 2022-02-05 13:44:26,234 - Error at search menu
 
 2022-02-05 13:44:26,234 - Error at search menu
 
 2022-02-05 13:44:26,234 - Error at search menu
 
 2022-02-05 13:44:26,234 - Error at search menu
 
 2022-02-05 13:44:26,234 - Error at search menu
 
 2022-02-05 13:44:26,234 - Error at search menu
 
 2022-02-05 13:44:26,234 - Error at search menu
 
 2022-02-05 13:44:26,234 - Error at search menu
 
 2022-02-05 13:44:26,234 - Error at search menu
 
 2022-02-05 13:44:26,234 - Error at search menu
 
 2022-02-05 13:44:26,234 - Error at search menu
 
 2022-02-05 13:44:26,234 - Error at search menu
 
 2022-02-05 13:44:26,234 - Error at search menu
 
 2022-02-05 13:44:26,234 - Error at search menu
 
 2022-02-05 13:44:26,234 - Error at search menu
 
 2022-02-05 13:44:26,234 - Error at search menu
 
 2022-02-05 13:44:26,234 - Error at search menu
 
 2022-02-05 13:44:26,234 - Error at search menu
 
 2022-02-05 13:44:26,234 - Error at search menu
 
 2022-02-05 13:44:26,234 - Error at search menu
 
 2022-02-05 13:44:26,234 - Error at search menu
 
 2022-02-05 13:44:26,234 - Error at search menu
 
 2022-02-05 13:44:26,234 - Error at search menu
 
 2022-02-05 13:44:26,234 - Error at search menu
 
 2022-02-05 13:44:26,234 - Error at search menu
 
 2022-02-05 13:44:26,234 - Error at search menu
 
 2022-02-05 13:44:26,234 - Error at search menu
 
 2022-02-05 13:44:26,234 - Error at search menu
 
 2022-02-05 13:44:26,234 - Error at search menu
 
 2022-02-05 13:44:26,234 - Error at search menu
 
 2022-02-05 13:44:26,234 - Error at search menu
 
 2022-02-05 13:44:26,234 - Error at search menu
 
 2022-02-05 13:44:26,234 - Error at search menu
 
 2022-02-05 13:44:26,234 - Error at search menu
 
 2022-02-05 13:44:26,234 - Error at search menu
 
 2022-02-05 13:44:26,234 - Error at search menu
 
 2022-02-05 13:44:26,234 - Error at search menu
 
 2022-02-05 13:44:26,234 - Error at search menu
 
 2022-02-05 13:44:26,234 - Error at search menu
 
 2022-02-05 13:44:26,234 - Error at search menu
 
 2022-02-05 13:44:26,234 - Error at search menu
 
 2022-02-05 13:44:26,234 - Error at search menu
 
 2022-02-05 13:44:26,234 - Error at search menu
 
 2022-02-05 13:44:26,234 - Error at search menu
 
 2022-02-05 13:44:26,234 - Error at search menu
 
 2022-02-05 13:44:26,234 - Error at search menu
 
 2022-02-05 13:44:26,234 - Error at search menu
 
 2022-02-05 13:44:26,234 - Error at search menu
 
 2022-02-05 13:44:26,234 - Error at search menu
 
 2022-02-05 13:44:26,234 - Error at search menu
 
 2022-02-05 13:44:26,234 - Error at search menu
 
 2022-02-05 13:44:26,234 - Error at search menu
 
 2022-02-05 13:44:26,234 - Error at search menu
 
 2022-02-05 13:44:26,234 - Error at search menu
 
 2022-02-05 13:44:26,234 - Error at search menu
 
 2022-02-05 13:44:26,234 - Error at search menu
 
 2022-02-05 13:44:26,234 - Error at search menu
 
 2022-02-05 13:44:26,234 - Error at search menu
 
 2022-02-05 13:44:26,234 - Error at search menu
 
 2022-02-05 13:44:26,234 - Error at search menu
 
 2022-02-05 13:44:26,234 - Error at search menu
 
 2022-02-05 13:44:26,234 - Error at search menu
 
 2022-02-05 13:44:26,234 - Error at search menu
 
 2022-02-05 13:44:26,234 - Error at search menu
 
 2022-02-05 13:44:26,234 - Error at search menu
 
 2022-02-05 13:44:26,234 - Error at search menu
 
 2022-02-05 13:44:26,234 - Error at search menu
 
 2022-02-05 13:44:26,234 - Error at search menu
 
 2022-02-05 13:44:26,234 - Error at search menu
 
 2022-02-05 13:44:26,234 - Error at search menu
 
 2022-02-05 13:44:26,234 - Error at search menu
 
 2022-02-05 13:44:26,234 - Error at search menu
 
 2022-02-05 13:44:26,234 - Error at search menu
 
 2022-02-05 13:44:26,234 - Error at search menu
 
 2022-02-05 13:44:26,234 - Error at search menu
 
 2022-02-05 13:44:26,234 - Error at search menu
 
 2022-02-05 13:44:26,234 - Error at search menu
 
 2022-02-05 13:44:26,234 - Error at search menu
 
 2022-02-05 13:44:26,234 - Error at search menu
 
 2022-02-05 13:44:26,234 - Error at search menu
 
 2022-02-05 13:44:26,234 - Error at search menu
 
 2022-02-05 13:44:26,234 - Error at search menu
 
 2022-02-05 13:44:26,234 - Error at search menu
 
 2022-02-05 13:44:26,234 - Error at search menu
 
 2022-02-05 13:44:26,234 - Error at search menu
 
 2022-02-05 13:44:26,234 - Error at search menu
 
 2022-02-05 13:44:26,234 - Error at search menu
 
 2022-02-05 13:44:26,234 - Error at search menu
 
 2022-02-05 13:44:26,234 - Error at search menu
 
 2022-02-05 13:44:26,234 - Error at search menu
 
 2022-02-05 13:44:26,234 - Error at search menu
 
 2022-02-05 13:44:26,234 - Error at search menu
 
 2022-02-05 13:44:26,234 - Error at search menu
 
 2022-02-05 13:44:26,234 - Error at search menu
 
 2022-02-05 13:44:26,234 - Error at search menu
 
 2022-02-05 13:44:26,234 - Error at search menu
 
 2022-02-05 13:44:26,234 - Error at search menu
 
 2022-02-05 13:44:26,250 - Error at search menu
 
 2022-02-05 13:44:26,250 - Error at search menu
 
 2022-02-05 13:44:26,250 - Error at search menu
 
 2022-02-05 13:44:26,250 - Error at search menu
 
 2022-02-05 13:44:26,250 - Error at search menu
 
 2022-02-05 13:44:26,250 - Error at search menu
 
 2022-02-05 13:44:26,250 - Error at search menu
 
 2022-02-05 13:44:26,250 - Error at search menu
 
 2022-02-05 13:44:26,250 - Error at search menu
 
 2022-02-05 13:44:26,250 - Error at search menu
 
 2022-02-05 13:44:26,250 - Error at search menu
 
 2022-02-05 13:44:26,250 - Error at search menu
 
 2022-02-05 13:44:26,250 - Error at search menu
 
 2022-02-05 13:44:26,250 - Error at search menu
 
 2022-02-05 13:44:26,250 - Error at search menu
 
 2022-02-05 13:44:26,250 - Error at search menu
 
 2022-02-05 13:44:26,250 - Error at search menu
 
 2022-02-05 13:44:26,250 - Error at search menu
 
 2022-02-05 13:44:26,250 - Error at search menu
 
 2022-02-05 13:44:26,250 - Error at search menu
 
 2022-02-05 13:44:26,250 - Error at search menu
 
 2022-02-05 13:44:26,250 - Error at search menu
 
 2022-02-05 13:44:26,250 - Error at search menu
 
 2022-02-05 13:44:26,250 - Error at search menu
 
 2022-02-05 13:44:26,250 - Error at search menu
 
 2022-02-05 13:44:26,250 - Error at search menu
 
 2022-02-05 13:44:26,250 - Error at search menu
 
 2022-02-05 13:44:26,250 - Error at search menu
 
 2022-02-05 13:44:26,250 - Error at search menu
 
 2022-02-05 13:44:26,250 - Error at search menu
 
 2022-02-05 13:44:26,250 - Error at search menu
 
 2022-02-05 13:44:26,250 - Error at search menu
 
 2022-02-05 13:44:26,250 - Error at search menu
 
 2022-02-05 13:44:26,250 - Error at search menu
 
 2022-02-05 13:44:26,250 - Error at search menu
 
 2022-02-05 13:44:26,250 - Error at search menu
 
 2022-02-05 13:44:26,250 - Error at search menu
 
 2022-02-05 13:44:26,250 - Error at search menu
 
 2022-02-05 13:44:26,250 - Error at search menu
 
 2022-02-05 13:44:26,250 - Error at search menu
 
 2022-02-05 13:44:26,250 - Error at search menu
 
 2022-02-05 13:44:26,250 - Error at search menu
 
 2022-02-05 13:44:26,250 - Error at search menu
 
 2022-02-05 13:44:26,250 - Error at search menu
 
 2022-02-05 13:44:26,250 - Error at search menu
 
 2022-02-05 13:44:26,250 - Error at search menu
 
 2022-02-05 13:44:26,250 - Error at search menu
 
 2022-02-05 13:44:26,250 - Error at search menu
 
 2022-02-05 13:44:26,250 - Error at search menu
 
 2022-02-05 13:44:26,250 - Error at search menu
 
 2022-02-05 13:44:26,250 - Error at search menu
 
 2022-02-05 13:44:26,250 - Error at search menu
 
 2022-02-05 13:44:26,250 - Error at search menu
 
 2022-02-05 13:44:26,250 - Error at search menu
 
 2022-02-05 13:44:26,250 - Error at search menu
 
 2022-02-05 13:44:26,250 - Error at search menu
 
 2022-02-05 13:44:26,250 - Error at search menu
 
 2022-02-05 13:44:26,250 - Error at search menu
 
 2022-02-05 13:44:26,250 - Error at search menu
 
 2022-02-05 13:44:26,250 - Error at search menu
 
 2022-02-05 13:44:26,250 - Error at search menu
 
 2022-02-05 13:44:26,250 - Error at search menu
 
 2022-02-05 13:44:26,250 - Error at search menu
 
 2022-02-05 13:44:26,250 - Error at search menu
 
 2022-02-05 13:44:26,250 - Error at search menu
 
 2022-02-05 13:44:26,250 - Error at search menu
 
 2022-02-05 13:44:26,250 - Error at search menu
 
 2022-02-05 13:44:26,250 - Error at search menu
 
 2022-02-05 13:44:26,250 - Error at search menu
 
 2022-02-05 13:44:26,250 - Error at search menu
 
 2022-02-05 13:44:26,250 - Error at search menu
 
 2022-02-05 13:44:26,250 - Error at search menu
 
 2022-02-05 13:44:26,250 - Error at search menu
 
 2022-02-05 13:44:26,250 - Error at search menu
 
 2022-02-05 13:44:26,250 - Error at search menu
 
 2022-02-05 13:44:26,250 - Error at search menu
 
 2022-02-05 13:44:26,250 - Error at search menu
 
 2022-02-05 13:44:26,250 - Error at search menu
 
 2022-02-05 13:44:26,250 - Error at search menu
 
 2022-02-05 13:44:26,250 - Error at search menu
 
 2022-02-05 13:44:26,250 - Error at search menu
 
 2022-02-05 13:44:26,250 - Error at search menu
 
 2022-02-05 13:44:26,250 - Error at search menu
 
 2022-02-05 13:44:26,250 - Error at search menu
 
 2022-02-05 13:44:26,250 - Error at search menu
 
 2022-02-05 13:44:26,250 - Error at search menu
 
 2022-02-05 13:44:26,250 - Error at search menu
 
 2022-02-05 13:44:26,250 - Error at search menu
 
 2022-02-05 13:44:26,250 - Error at search menu
 
 2022-02-05 13:44:26,250 - Error at search menu
 
 2022-02-05 13:44:26,250 - Error at search menu
 
 2022-02-05 13:44:26,250 - Error at search menu
 
 2022-02-05 13:44:26,250 - Error at search menu
 
 2022-02-05 13:44:26,250 - Error at search menu
 
 2022-02-05 13:44:26,250 - Error at search menu
 
 2022-02-05 13:44:26,250 - Error at search menu
 
 2022-02-05 13:44:26,250 - Error at search menu
 
 2022-02-05 13:44:26,250 - Error at search menu
 
 2022-02-05 13:44:26,250 - Error at search menu
 
 2022-02-05 13:44:26,250 - Error at search menu
 
 2022-02-05 13:44:26,250 - Error at search menu
 
 2022-02-05 13:44:26,250 - Error at search menu
 
 2022-02-05 13:44:26,250 - Error at search menu
 
 2022-02-05 13:44:26,250 - Error at search menu
 
 2022-02-05 13:44:26,250 - Error at search menu
 
 2022-02-05 13:44:26,250 - Error at search menu
 
 2022-02-05 13:44:26,250 - Error at search menu
 
 2022-02-05 13:44:26,250 - Error at search menu
 
 2022-02-05 13:44:26,250 - Error at search menu
 
 2022-02-05 13:44:26,250 - Error at search menu
 
 2022-02-05 13:44:26,250 - Error at search menu
 
 2022-02-05 13:44:26,250 - Error at search menu
 
 2022-02-05 13:44:26,250 - Error at search menu
 
 2022-02-05 13:44:26,250 - Error at search menu
 
 2022-02-05 13:44:26,250 - Error at search menu
 
 2022-02-05 13:44:26,250 - Error at search menu
 
 2022-02-05 13:44:26,250 - Error at search menu
 
 2022-02-05 13:44:26,250 - Error at search menu
 
 2022-02-05 13:44:26,250 - Error at search menu
 
 2022-02-05 13:44:26,250 - Error at search menu
 
 2022-02-05 13:44:26,250 - Error at search menu
 
 2022-02-05 13:44:26,250 - Error at search menu
 
 2022-02-05 13:44:26,250 - Error at search menu
 
 2022-02-05 13:44:26,265 - Error at search menu
 
 2022-02-05 13:44:26,265 - Error at search menu
 
 2022-02-05 13:44:26,265 - Error at search menu
 
 2022-02-05 13:44:26,265 - Error at search menu
 
 2022-02-05 13:44:26,265 - Error at search menu
 
 2022-02-05 13:44:26,265 - Error at search menu
 
 2022-02-05 13:44:26,265 - Error at search menu
 
 2022-02-05 13:44:26,265 - Error at search menu
 
 2022-02-05 13:44:26,265 - Error at search menu
 
 2022-02-05 13:44:26,265 - Error at search menu
 
 2022-02-05 13:44:26,265 - Error at search menu
 
 2022-02-05 13:44:26,265 - Error at search menu
 
 2022-02-05 13:44:26,265 - Error at search menu
 
 2022-02-05 13:44:26,265 - Error at search menu
 
 2022-02-05 13:44:26,265 - Error at search menu
 
 2022-02-05 13:44:26,265 - Error at search menu
 
 2022-02-05 13:44:26,265 - Error at search menu
 
 2022-02-05 13:44:26,265 - Error at search menu
 
 2022-02-05 13:44:26,265 - Error at search menu
 
 2022-02-05 13:44:26,265 - Error at search menu
 
 2022-02-05 13:44:26,265 - Error at search menu
 
 2022-02-05 13:44:26,265 - Error at search menu
 
 2022-02-05 13:44:26,265 - Error at search menu
 
 2022-02-05 13:44:26,265 - Error at search menu
 
 2022-02-05 13:44:26,265 - Error at search menu
 
 2022-02-05 13:44:26,265 - Error at search menu
 
 2022-02-05 13:44:26,265 - Error at search menu
 
 2022-02-05 13:44:26,265 - Error at search menu
 
 2022-02-05 13:44:26,265 - Error at search menu
 
 2022-02-05 13:44:26,265 - Error at search menu
 
 2022-02-05 13:44:26,265 - Error at search menu
 
 2022-02-05 13:44:26,265 - Error at search menu
 
 2022-02-05 13:44:26,265 - Error at search menu
 
 2022-02-05 13:44:26,265 - Error at search menu
 
 2022-02-05 13:44:26,265 - Error at search menu
 
 2022-02-05 13:44:26,265 - Error at search menu
 
 2022-02-05 13:44:26,265 - Error at search menu
 
 2022-02-05 13:44:26,265 - Error at search menu
 
 2022-02-05 13:44:26,265 - Error at search menu
 
 2022-02-05 13:44:26,265 - Error at search menu
 
 2022-02-05 13:44:26,265 - Error at search menu
 
 2022-02-05 13:44:26,265 - Error at search menu
 
 2022-02-05 13:44:26,265 - Error at search menu
 
 2022-02-05 13:44:26,265 - Error at search menu
 
 2022-02-05 13:44:26,265 - Error at search menu
 
 2022-02-05 13:44:26,265 - Error at search menu
 
 2022-02-05 13:44:26,265 - Error at search menu
 
 2022-02-05 13:44:26,265 - Error at search menu
 
 2022-02-05 13:44:26,265 - Error at search menu
 
 2022-02-05 13:44:26,265 - Error at search menu
 
 2022-02-05 13:44:26,265 - Error at search menu
 
 2022-02-05 13:44:26,265 - Error at search menu
 
 2022-02-05 13:44:26,265 - Error at search menu
 
 2022-02-05 13:44:26,265 - Error at search menu
 
 2022-02-05 13:44:26,265 - Error at search menu
 
 2022-02-05 13:44:26,265 - Error at search menu
 
 2022-02-05 13:44:26,265 - Error at search menu
 
 2022-02-05 13:44:26,265 - Error at search menu
 
 2022-02-05 13:44:26,265 - Error at search menu
 
 2022-02-05 13:44:26,265 - Error at search menu
 
 2022-02-05 13:44:26,265 - Error at search menu
 
 2022-02-05 13:44:26,265 - Error at search menu
 
 2022-02-05 13:44:26,265 - Error at search menu
 
 2022-02-05 13:44:26,265 - Error at search menu
 
 2022-02-05 13:44:26,265 - Error at search menu
 
 2022-02-05 13:44:26,265 - Error at search menu
 
 2022-02-05 13:44:26,265 - Error at search menu
 
 2022-02-05 13:44:26,265 - Error at search menu
 
 2022-02-05 13:44:26,265 - Error at search menu
 
 2022-02-05 13:44:26,265 - Error at search menu
 
 2022-02-05 13:44:26,265 - Error at search menu
 
 2022-02-05 13:44:26,265 - Error at search menu
 
 2022-02-05 13:44:26,265 - Error at search menu
 
 2022-02-05 13:44:26,265 - Error at search menu
 
 2022-02-05 13:44:26,265 - Error at search menu
 
 2022-02-05 13:44:26,265 - Error at search menu
 
 2022-02-05 13:44:26,265 - Error at search menu
 
 2022-02-05 13:44:26,265 - Error at search menu
 
 2022-02-05 13:44:26,265 - Error at search menu
 
 2022-02-05 13:44:26,265 - Error at search menu
 
 2022-02-05 13:44:26,265 - Error at search menu
 
 2022-02-05 13:44:26,265 - Error at search menu
 
 2022-02-05 13:44:26,265 - Error at search menu
 
 2022-02-05 13:44:26,265 - Error at search menu
 
 2022-02-05 13:44:26,265 - Error at search menu
 
 2022-02-05 13:44:26,265 - Error at search menu
 
 2022-02-05 13:44:26,265 - Error at search menu
 
 2022-02-05 13:44:26,265 - Error at search menu
 
 2022-02-05 13:44:26,265 - Error at search menu
 
 2022-02-05 13:44:26,265 - Error at search menu
 
 2022-02-05 13:44:26,265 - Error at search menu
 
 2022-02-05 13:44:26,265 - Error at search menu
 
 2022-02-05 13:44:26,265 - Error at search menu
 
 2022-02-05 13:44:26,265 - Error at search menu
 
 2022-02-05 13:44:26,265 - Error at search menu
 
 2022-02-05 13:44:26,265 - Error at search menu
 
 2022-02-05 13:44:26,265 - Error at search menu
 
 2022-02-05 13:44:26,281 - Error at search menu
 
 2022-02-05 13:44:26,281 - Error at search menu
 
 2022-02-05 13:44:26,281 - Error at search menu
 
 2022-02-05 13:44:26,281 - Error at search menu
 
 2022-02-05 13:44:26,281 - Error at search menu
 
 2022-02-05 13:44:26,281 - Error at search menu
 
 2022-02-05 13:44:26,281 - Error at search menu
 
 2022-02-05 13:44:26,281 - Error at search menu
 
 2022-02-05 13:44:26,281 - Error at search menu
 
 2022-02-05 13:44:26,281 - Error at search menu
 
 2022-02-05 13:44:26,281 - Error at search menu
 
 2022-02-05 13:44:26,281 - Error at search menu
 
 2022-02-05 13:44:26,281 - Error at search menu
 
 2022-02-05 13:44:26,281 - Error at search menu
 
 2022-02-05 13:44:26,281 - Error at search menu
 
 2022-02-05 13:44:26,281 - Error at search menu
 
 2022-02-05 13:44:26,281 - Error at search menu
 
 2022-02-05 13:44:26,281 - Error at search menu
 
 2022-02-05 13:44:26,281 - Error at search menu
 
 2022-02-05 13:44:26,281 - Error at search menu
 
 2022-02-05 13:44:26,281 - Error at search menu
 
 2022-02-05 13:44:26,281 - Error at search menu
 
 2022-02-05 13:44:26,281 - Error at search menu
 
 2022-02-05 13:44:26,281 - Error at search menu
 
 2022-02-05 13:44:26,281 - Error at search menu
 
 2022-02-05 13:44:26,281 - Error at search menu
 
 2022-02-05 13:44:26,281 - Error at search menu
 
 2022-02-05 13:44:26,281 - Error at search menu
 
 2022-02-05 13:44:26,281 - Error at search menu
 
 2022-02-05 13:44:26,281 - Error at search menu
 
 2022-02-05 13:44:26,281 - Error at search menu
 
 2022-02-05 13:44:26,281 - Error at search menu
 
 2022-02-05 13:44:26,281 - Error at search menu
 
 2022-02-05 13:44:26,281 - Error at search menu
 
 2022-02-05 13:44:26,281 - Error at search menu
 
 2022-02-05 13:44:26,281 - Error at search menu
 
 2022-02-05 13:44:26,281 - Error at search menu
 
 2022-02-05 13:44:26,281 - Error at search menu
 
 2022-02-05 13:44:26,281 - Error at search menu
 
 2022-02-05 13:44:26,281 - Error at search menu
 
 2022-02-05 13:44:26,281 - Error at search menu
 
 2022-02-05 13:44:26,281 - Error at search menu
 
 2022-02-05 13:44:26,281 - Error at search menu
 
 2022-02-05 13:44:26,281 - Error at search menu
 
 2022-02-05 13:44:26,281 - Error at search menu
 
 2022-02-05 13:44:26,281 - Error at search menu
 
 2022-02-05 13:44:26,281 - Error at search menu
 
 2022-02-05 13:44:26,281 - Error at search menu
 
 2022-02-05 13:44:26,281 - Error at search menu
 
 2022-02-05 13:44:26,281 - Error at search menu
 
 2022-02-05 13:45:47,717 - Error at menu operations, choice is 5
Traceback (most recent call last):
  File "D:\bridgelabz\python\designs\address_book\services\operations.py", line 89, in menu
    self.search_menu()
  File "D:\bridgelabz\python\designs\address_book\services\operations.py", line 148, in search_menu
    contact = AddressBooks().return_single_contact()
  File "D:\bridgelabz\python\designs\address_book\registry\address_book.py", line 52, in return_single_contact
    print(contact_list[0])
TypeError: 'USAContactObject' object is not subscriptable
 
 2022-02-05 13:48:43,497 - Error at menu operations, choice is 5
Traceback (most recent call last):
  File "D:\bridgelabz\python\designs\address_book\services\operations.py", line 89, in menu
    self.search_menu()
  File "D:\bridgelabz\python\designs\address_book\services\operations.py", line 148, in search_menu
    contact = AddressBooks().return_single_contact()
  File "D:\bridgelabz\python\designs\address_book\registry\address_book.py", line 52, in return_single_contact
    print(contact_list[0])
TypeError: 'USAContactObject' object is not subscriptable
 
 2022-02-05 13:54:15,388 - Error at menu operations, choice is 5
Traceback (most recent call last):
  File "D:\bridgelabz\python\designs\address_book\services\operations.py", line 89, in menu
    self.search_menu()
  File "D:\bridgelabz\python\designs\address_book\services\operations.py", line 149, in search_menu
    contact = ad.return_single_contact()
  File "D:\bridgelabz\python\designs\address_book\registry\address_book.py", line 52, in return_single_contact
    print(contact_list[0])
TypeError: 'USAContactObject' object is not subscriptable
 
 2022-02-05 13:55:13,853 - Error at menu operations, choice is 5
Traceback (most recent call last):
  File "D:\bridgelabz\python\designs\address_book\services\operations.py", line 89, in menu
    self.search_menu()
  File "D:\bridgelabz\python\designs\address_book\services\operations.py", line 149, in search_menu
    contact = ad.return_single_contact()
  File "D:\bridgelabz\python\designs\address_book\registry\address_book.py", line 52, in return_single_contact
    print(contact_list[0])
TypeError: 'USAContactObject' object is not subscriptable
 
 2022-02-05 14:30:08,285 -  Invalid value entered at  State  = KJHKasf
